<sum>
    <num value="42"/>
    <num value="42"/>
</sum>

